<?xml version="1.0" encoding="UTF-8"?>
<!-- Generated by org.testng.reporters.JUnitReportReporter -->
<testsuite skipped="0" hostname="BLRIDC52028395" name="Prctce.dummy3" tests="2" failures="0" timestamp="2019-11-06T16:18:28 IST" time="0.000" errors="0">
  <testcase name="threetest6" time="0.000" classname="Prctce.dummy3"/>
  <testcase name="threetest5" time="0.000" classname="Prctce.dummy3"/>
</testsuite> <!-- Prctce.dummy3 -->
