<?xml version="1.0" encoding="UTF-8"?>
<!-- Generated by org.testng.reporters.JUnitReportReporter -->
<testsuite skipped="0" hostname="BLRIDC52028395" name="Prctce.dummy1" tests="1" failures="0" timestamp="2019-11-06T16:18:28 IST" time="0.016" errors="0">
  <testcase name="onetest1" time="0.016" classname="Prctce.dummy1"/>
</testsuite> <!-- Prctce.dummy1 -->
