<?xml version="1.0" encoding="UTF-8"?>
<!-- Generated by org.testng.reporters.JUnitReportReporter -->
<testsuite skipped="0" hostname="BLRIDC52028395" name="Prctce.dummy2" tests="2" failures="0" timestamp="2019-11-06T16:18:28 IST" time="0.000" errors="0">
  <testcase name="twotest4" time="0.000" classname="Prctce.dummy2"/>
  <testcase name="twotest3" time="0.000" classname="Prctce.dummy2"/>
</testsuite> <!-- Prctce.dummy2 -->
